<?xml version="1.0" encoding="UTF-8"?>
<!-- Generated by org.testng.reporters.JUnitXMLReporter -->
<testsuite ignored="0" hostname="LAPTOP-HSPQSV91" failures="0" tests="3" name="Chrome Test" time="162.817" errors="0" timestamp="22 Sep 2018 21:58:53 GMT">
  <testcase classname="TestNGAutomation.WebTest" name="signInTest" time="10.608"/>
  <testcase classname="TestNGAutomation.WebTest" name="logInTest" time="5.162"/>
  <testcase classname="TestNGAutomation.WebTest" name="checkoutTest" time="21.549"/>
</testsuite> <!-- Chrome Test -->
