<?xml version="1.0" encoding="UTF-8"?>
<!-- Generated by org.testng.reporters.JUnitXMLReporter -->
<testsuite ignored="0" hostname="LAPTOP-HSPQSV91" failures="0" tests="3" name="Chrome Test" time="83.855" errors="0" timestamp="22 Sep 2018 21:46:37 GMT">
  <testcase classname="TestNGAutomation.WebTest" name="signInTest" time="10.848"/>
  <testcase classname="TestNGAutomation.WebTest" name="logInTest" time="5.606"/>
  <testcase classname="TestNGAutomation.WebTest" name="checkoutTest" time="26.081"/>
</testsuite> <!-- Chrome Test -->
