<?xml version="1.0" encoding="UTF-8"?>
<testng-results ignored="0" total="3" passed="3" failed="0" skipped="0">
  <reporter-output>
  </reporter-output>
  <suite started-at="2018-09-22T21:45:13Z" name="TestNgMavenAutomation Suite" finished-at="2018-09-22T21:46:37Z" duration-ms="83855">
    <groups>
    </groups>
    <test started-at="2018-09-22T21:45:13Z" name="Chrome Test" finished-at="2018-09-22T21:46:37Z" duration-ms="83855">
      <class name="TestNGAutomation.WebTest">
        <test-method is-config="true" signature="setUp(java.lang.String)[pri:0, instance:TestNGAutomation.WebTest@4a883b15]" started-at="2018-09-22T21:45:13Z" name="setUp" finished-at="2018-09-22T21:45:28Z" duration-ms="14702" status="PASS">
          <params>
            <param index="0">
              <value>
                <![CDATA[http://automationpractice.com/index.php]]>
              </value>
            </param>
          </params>
          <reporter-output>
          </reporter-output>
        </test-method> <!-- setUp -->
        <test-method signature="signInTest()[pri:1, instance:TestNGAutomation.WebTest@4a883b15]" started-at="2018-09-22T21:45:28Z" name="signInTest" finished-at="2018-09-22T21:45:39Z" duration-ms="10848" status="PASS">
          <reporter-output>
          </reporter-output>
        </test-method> <!-- signInTest -->
        <test-method is-config="true" signature="tearDown()[pri:0, instance:TestNGAutomation.WebTest@4a883b15]" started-at="2018-09-22T21:45:39Z" name="tearDown" finished-at="2018-09-22T21:45:39Z" duration-ms="122" status="PASS">
          <reporter-output>
          </reporter-output>
        </test-method> <!-- tearDown -->
        <test-method is-config="true" signature="setUp(java.lang.String)[pri:0, instance:TestNGAutomation.WebTest@4a883b15]" started-at="2018-09-22T21:45:39Z" name="setUp" finished-at="2018-09-22T21:45:52Z" duration-ms="12928" status="PASS">
          <params>
            <param index="0">
              <value>
                <![CDATA[http://automationpractice.com/index.php]]>
              </value>
            </param>
          </params>
          <reporter-output>
          </reporter-output>
        </test-method> <!-- setUp -->
        <test-method signature="logInTest(java.lang.String, java.lang.String, java.lang.String)[pri:2, instance:TestNGAutomation.WebTest@4a883b15]" started-at="2018-09-22T21:45:52Z" name="logInTest" finished-at="2018-09-22T21:45:57Z" duration-ms="5606" status="PASS">
          <params>
            <param index="0">
              <value>
                <![CDATA[hf_challenge_123456@hf12345.com]]>
              </value>
            </param>
            <param index="1">
              <value>
                <![CDATA[12345678]]>
              </value>
            </param>
            <param index="2">
              <value>
                <![CDATA[Joe Black]]>
              </value>
            </param>
          </params>
          <reporter-output>
          </reporter-output>
        </test-method> <!-- logInTest -->
        <test-method is-config="true" signature="tearDown()[pri:0, instance:TestNGAutomation.WebTest@4a883b15]" started-at="2018-09-22T21:45:57Z" name="tearDown" finished-at="2018-09-22T21:45:57Z" duration-ms="172" status="PASS">
          <reporter-output>
          </reporter-output>
        </test-method> <!-- tearDown -->
        <test-method is-config="true" signature="setUp(java.lang.String)[pri:0, instance:TestNGAutomation.WebTest@4a883b15]" started-at="2018-09-22T21:45:57Z" name="setUp" finished-at="2018-09-22T21:46:10Z" duration-ms="13113" status="PASS">
          <params>
            <param index="0">
              <value>
                <![CDATA[http://automationpractice.com/index.php]]>
              </value>
            </param>
          </params>
          <reporter-output>
          </reporter-output>
        </test-method> <!-- setUp -->
        <test-method signature="checkoutTest(java.lang.String, java.lang.String)[pri:3, instance:TestNGAutomation.WebTest@4a883b15]" started-at="2018-09-22T21:46:10Z" name="checkoutTest" finished-at="2018-09-22T21:46:37Z" duration-ms="26081" status="PASS">
          <params>
            <param index="0">
              <value>
                <![CDATA[hf_challenge_123456@hf12345.com]]>
              </value>
            </param>
            <param index="1">
              <value>
                <![CDATA[12345678]]>
              </value>
            </param>
          </params>
          <reporter-output>
          </reporter-output>
        </test-method> <!-- checkoutTest -->
        <test-method is-config="true" signature="tearDown()[pri:0, instance:TestNGAutomation.WebTest@4a883b15]" started-at="2018-09-22T21:46:37Z" name="tearDown" finished-at="2018-09-22T21:46:37Z" duration-ms="239" status="PASS">
          <reporter-output>
          </reporter-output>
        </test-method> <!-- tearDown -->
      </class> <!-- TestNGAutomation.WebTest -->
    </test> <!-- Chrome Test -->
  </suite> <!-- TestNgMavenAutomation Suite -->
</testng-results>
